WARNING:root:stack empty after popping /Kikuyu in line #169
 For example, he would tell me, that eeh, now that I come here and work hard, whether I have fees or not, she tells me, "</Kikuyu label='quotation'>Mwanamuge, dalagha mudhabia</Kikuyu label='quotation'>."   No, not, </Kikuyu>mwanamughe</Kikuyu>, it's "<Kikuyu label='quotation'>Mwanawekeo, daghadha mudhabia</Kikuyu label='quotation'>."
WARNING:root:stack empty after popping /Kikuyu in line #169
 For example, he would tell me, that eeh, now that I come here and work hard, whether I have fees or not, she tells me, "</Kikuyu label='quotation'>Mwanamuge, dalagha mudhabia</Kikuyu label='quotation'>."   No, not, </Kikuyu>mwanamughe</Kikuyu>, it's "<Kikuyu label='quotation'>Mwanawekeo, daghadha mudhabia</Kikuyu label='quotation'>."
WARNING:root:stack empty after popping /Kikuyu in line #169
 For example, he would tell me, that eeh, now that I come here and work hard, whether I have fees or not, she tells me, "</Kikuyu label='quotation'>Mwanamuge, dalagha mudhabia</Kikuyu label='quotation'>."   No, not, </Kikuyu>mwanamughe</Kikuyu>, it's "<Kikuyu label='quotation'>Mwanawekeo, daghadha mudhabia</Kikuyu label='quotation'>."
WARNING:root:stack empty after popping /Kikuyu in line #169
 For example, he would tell me, that eeh, now that I come here and work hard, whether I have fees or not, she tells me, "</Kikuyu label='quotation'>Mwanamuge, dalagha mudhabia</Kikuyu label='quotation'>."   No, not, </Kikuyu>mwanamughe</Kikuyu>, it's "<Kikuyu label='quotation'>Mwanawekeo, daghadha mudhabia</Kikuyu label='quotation'>."
WARNING:root:stack empty after popping /Swahili in line #345
 </Swahili>Sitaki wasikie hivyo.  Nataka tuwe pamoja,</Swahili>
WARNING:root:stack empty after popping /Swahili in line #345
 </Swahili>Sitaki wasikie hivyo.  Nataka tuwe pamoja,</Swahili>
WARNING:root:stack empty after popping /Swahili in line #350
 <Swahili>Kwamba tuseme ni</Swahili> situations </Swahili>gani sasa waweza tumia lugha tofauti kwa watu tofauti</Swahili>?
WARNING:root:stack empty after popping /Swahili in line #350
 <Swahili>Kwamba tuseme ni</Swahili> situations </Swahili>gani sasa waweza tumia lugha tofauti kwa watu tofauti</Swahili>?
WARNING:root:stack empty after popping /Swahili in line #352
 </Swahili>Naam</Swahili>.
WARNING:root:stack empty after popping /Swahili in line #352
 </Swahili>Naam</Swahili>.
WARNING:root:stack empty after popping /Swahili in line #355
 My grandmother </Swahili label='refereeing'>anajua Kikuyu tu na Kiswahili</Swahili label='refereeing'>.
WARNING:root:stack empty after popping /Swahili in line #355
 My grandmother </Swahili label='refereeing'>anajua Kikuyu tu na Kiswahili</Swahili label='refereeing'>.
WARNING:root:stack empty after popping /Swahili in line #357
 The doctor </Swahili>anaelewa Kizungu peke yake</Swahili>.
WARNING:root:stack empty after popping /Swahili in line #357
 The doctor </Swahili>anaelewa Kizungu peke yake</Swahili>.
WARNING:root:stack empty after popping /Swahili in line #537
 So </Swahili>utaenda umwambia akuonyesha pahali uta</Swahili> invest <Swahili>zako pia</Swahili>.
WARNING:root:stack empty after popping /Swahili in line #537
 So </Swahili>utaenda umwambia akuonyesha pahali uta</Swahili> invest <Swahili>zako pia</Swahili>.
