WARNING:root:stack empty after popping /English
WARNING:root:stack empty after popping /English
WARNING:root:language English already appeared on stack for word <English> in line 
 Especially <English> at….(not clear) there are <English> a lot of …..(not clear)
WARNING:root:language English already appeared on stack for word <English> in line 
 Eeeh! (agree) <English> so there </English> as in <English> people also study English a bit </English> at list <English> so that you can relate with people, somebody who doesn't know Swahili </English> and then <English> if also </English> maybe <English> there are like these </English> many jobs <English> that are found mostly here in that language used is mostly English </English> so at list <English> it's a must that you are </English> secured <English> with <English> job.
WARNING:root:language English already appeared on stack for word <English> in line 
 But <English> There are those <English> jobs <English> also Swahili </English> is enough and you get along.
WARNING:root:language English already appeared on stack for word <English> in line 
 But <English> There are those <English> jobs <English> also Swahili </English> is enough and you get along.
WARNING:root:language English already appeared on stack for word <English> in line 
 Eeeh (agree) <English> There are others here who doesn't know Swahili </English> lets say <English> like that </English> community <English> of </English> the Bajuni community <English> their Swahili is </English> obvious <English> they know Swahili </English> but upate <English> like Pokomo, Mgiriama, Mtaita <English> you will find others who don't know Swahili.
WARNING:root:stack empty after popping /English
WARNING:root:stack empty after popping /English
WARNING:root:language English already appeared on stack for word <English> in line 
 <English> But when we compare if those lets say Luhya </English> anybody from this side of the country <English>  since they also grow up </English> in a community where their  mother toungue is spoken or whatever other language but <English> when you come to </English> campus <English> when you compare </English> their performance <English> of <English> English <English> with those </English> from Coast still <English> are above why?. 
WARNING:root:language English already appeared on stack for word <English> in line 
 <English> But when we compare if those lets say Luhya </English> anybody from this side of the country <English>  since they also grow up </English> in a community where their  mother toungue is spoken or whatever other language but <English> when you come to </English> campus <English> when you compare </English> their performance <English> of <English> English <English> with those </English> from Coast still <English> are above why?. 
WARNING:root:language English already appeared on stack for word <English> in line 
 <English> But when we compare if those lets say Luhya </English> anybody from this side of the country <English>  since they also grow up </English> in a community where their  mother toungue is spoken or whatever other language but <English> when you come to </English> campus <English> when you compare </English> their performance <English> of <English> English <English> with those </English> from Coast still <English> are above why?. 
WARNING:root:language English already appeared on stack for word <English> in line 
 Common <English> citizen (laughter) <English> maybe choice of words maybe <English> you will find </English> president <English> using those </English> terms <English> he/she is is used to since been in the </English> office <English> so the </English> choice of words <English> is </English> maybe <English> can give you </English> clue <English> this person have which positon or holding which </English> post <English> somewhere now </English>  choice of words <English> mostly can tell you the </English> post <English> of a person.  
WARNING:root:language English already appeared on stack for word <English> in line 
 Common <English> citizen (laughter) <English> maybe choice of words maybe <English> you will find </English> president <English> using those </English> terms <English> he/she is is used to since been in the </English> office <English> so the </English> choice of words <English> is </English> maybe <English> can give you </English> clue <English> this person have which positon or holding which </English> post <English> somewhere now </English>  choice of words <English> mostly can tell you the </English> post <English> of a person.  
WARNING:root:language English already appeared on stack for word <English> in line 
 Common <English> citizen (laughter) <English> maybe choice of words maybe <English> you will find </English> president <English> using those </English> terms <English> he/she is is used to since been in the </English> office <English> so the </English> choice of words <English> is </English> maybe <English> can give you </English> clue <English> this person have which positon or holding which </English> post <English> somewhere now </English>  choice of words <English> mostly can tell you the </English> post <English> of a person.  
WARNING:root:language English already appeared on stack for word <English> in line 
 Common <English> citizen (laughter) <English> maybe choice of words maybe <English> you will find </English> president <English> using those </English> terms <English> he/she is is used to since been in the </English> office <English> so the </English> choice of words <English> is </English> maybe <English> can give you </English> clue <English> this person have which positon or holding which </English> post <English> somewhere now </English>  choice of words <English> mostly can tell you the </English> post <English> of a person.  
WARNING:root:language English already appeared on stack for word <English> in line 
 Common <English> citizen (laughter) <English> maybe choice of words maybe <English> you will find </English> president <English> using those </English> terms <English> he/she is is used to since been in the </English> office <English> so the </English> choice of words <English> is </English> maybe <English> can give you </English> clue <English> this person have which positon or holding which </English> post <English> somewhere now </English>  choice of words <English> mostly can tell you the </English> post <English> of a person.  
WARNING:root:language English already appeared on stack for word <English> in line 
 Common <English> citizen (laughter) <English> maybe choice of words maybe <English> you will find </English> president <English> using those </English> terms <English> he/she is is used to since been in the </English> office <English> so the </English> choice of words <English> is </English> maybe <English> can give you </English> clue <English> this person have which positon or holding which </English> post <English> somewhere now </English>  choice of words <English> mostly can tell you the </English> post <English> of a person.  
WARNING:root:language English already appeared on stack for word <English> in line 
 Common <English> citizen (laughter) <English> maybe choice of words maybe <English> you will find </English> president <English> using those </English> terms <English> he/she is is used to since been in the </English> office <English> so the </English> choice of words <English> is </English> maybe <English> can give you </English> clue <English> this person have which positon or holding which </English> post <English> somewhere now </English>  choice of words <English> mostly can tell you the </English> post <English> of a person.  
WARNING:root:language English already appeared on stack for word <English> in line 
 Common <English> citizen (laughter) <English> maybe choice of words maybe <English> you will find </English> president <English> using those </English> terms <English> he/she is is used to since been in the </English> office <English> so the </English> choice of words <English> is </English> maybe <English> can give you </English> clue <English> this person have which positon or holding which </English> post <English> somewhere now </English>  choice of words <English> mostly can tell you the </English> post <English> of a person.  
WARNING:root:language English already appeared on stack for word <English> in line 
 Common <English> citizen (laughter) <English> maybe choice of words maybe <English> you will find </English> president <English> using those </English> terms <English> he/she is is used to since been in the </English> office <English> so the </English> choice of words <English> is </English> maybe <English> can give you </English> clue <English> this person have which positon or holding which </English> post <English> somewhere now </English>  choice of words <English> mostly can tell you the </English> post <English> of a person.  
WARNING:root:language English already appeared on stack for word <English> in line 
 Common <English> citizen (laughter) <English> maybe choice of words maybe <English> you will find </English> president <English> using those </English> terms <English> he/she is is used to since been in the </English> office <English> so the </English> choice of words <English> is </English> maybe <English> can give you </English> clue <English> this person have which positon or holding which </English> post <English> somewhere now </English>  choice of words <English> mostly can tell you the </English> post <English> of a person.  
WARNING:root:language English already appeared on stack for word <English> in line 
 Common <English> citizen (laughter) <English> maybe choice of words maybe <English> you will find </English> president <English> using those </English> terms <English> he/she is is used to since been in the </English> office <English> so the </English> choice of words <English> is </English> maybe <English> can give you </English> clue <English> this person have which positon or holding which </English> post <English> somewhere now </English>  choice of words <English> mostly can tell you the </English> post <English> of a person.  
WARNING:root:stack empty after popping /English
WARNING:root:stack empty after popping /English
WARNING:root:language English already appeared on stack for word <English> in line 
 Eeeeh (agree) <English> like me </English> I do mostly  I do change <English>like when I am in Coast you will see me using </English> accent <English> for there like me now when I leave here now and go there </English> maybe day <English> there first day is when somebody will say I arrived today </English> but after <English> staying </English>  two days <English> I will have adapt when I come here I will have change </English> as in maybe <English> the first one the way I am used there I will come here </English> then the following day <English> or <English> after maybe even two to three days <English> I will have adapt.
WARNING:root:language English already appeared on stack for word <English> in line 
 Eeeeh (agree) <English> like me </English> I do mostly  I do change <English>like when I am in Coast you will see me using </English> accent <English> for there like me now when I leave here now and go there </English> maybe day <English> there first day is when somebody will say I arrived today </English> but after <English> staying </English>  two days <English> I will have adapt when I come here I will have change </English> as in maybe <English> the first one the way I am used there I will come here </English> then the following day <English> or <English> after maybe even two to three days <English> I will have adapt.
WARNING:root:language English already appeared on stack for word <English> in line 
 Aaaah <English> I will speak in Giriama <English> only that maybe <English> there are those hard hard terms that </English> maybe <English> I don't know </English> but <English> I will speak that Giriama </English> normal <English> that everyone understand and one will know this is a Giriama </English> only that <English> I wont use those hard hard </English> terms eeh.
WARNING:root:language English already appeared on stack for word <English> in line 
 Aaaah <English> I will speak in Giriama <English> only that maybe <English> there are those hard hard terms that </English> maybe <English> I don't know </English> but <English> I will speak that Giriama </English> normal <English> that everyone understand and one will know this is a Giriama </English> only that <English> I wont use those hard hard </English> terms eeh.
WARNING:root:language English already appeared on stack for word <English> in line 
 Aaaah <English> I will speak in Giriama <English> only that maybe <English> there are those hard hard terms that </English> maybe <English> I don't know </English> but <English> I will speak that Giriama </English> normal <English> that everyone understand and one will know this is a Giriama </English> only that <English> I wont use those hard hard </English> terms eeh.
WARNING:root:language English already appeared on stack for word <English> in line 
 Aaaah <English> I will speak in Giriama <English> only that maybe <English> there are those hard hard terms that </English> maybe <English> I don't know </English> but <English> I will speak that Giriama </English> normal <English> that everyone understand and one will know this is a Giriama </English> only that <English> I wont use those hard hard </English> terms eeh.
WARNING:root:language English already appeared on stack for word <English> in line 
 Aaaah <English> I will speak in Giriama <English> only that maybe <English> there are those hard hard terms that </English> maybe <English> I don't know </English> but <English> I will speak that Giriama </English> normal <English> that everyone understand and one will know this is a Giriama </English> only that <English> I wont use those hard hard </English> terms eeh.
WARNING:root:language English already appeared on stack for word <English> in line 
 Aaaah <English> I will speak in Giriama <English> only that maybe <English> there are those hard hard terms that </English> maybe <English> I don't know </English> but <English> I will speak that Giriama </English> normal <English> that everyone understand and one will know this is a Giriama </English> only that <English> I wont use those hard hard </English> terms eeh.
WARNING:root:language English already appeared on stack for word <English> in line 
 <English> Like here </English> MU sometimes <English> I always go for <English> news <English> I always go for </English> news maybe some certain programs. 
WARNING:root:language English already appeared on stack for word <English> in line 
 <English> Like here </English> MU sometimes <English> I always go for <English> news <English> I always go for </English> news maybe some certain programs. 
WARNING:root:stack empty after popping /English
WARNING:root:stack empty after popping /English
WARNING:root:stack empty after popping /English
WARNING:root:stack empty after popping /English
WARNING:root:language English already appeared on stack for word <English> in line 
 <English> Now </English>  maybe <English> like you go to Lamu now the first thing to see is </English>  boat <English> because you will get there you cannot get to Lamu </English> Island <English> when you have not board a </English> boat so <English> you will board a </English> boat so <English> you will board a </English>  boat <English> so that you can get to lamu </English> Island and the <English> when you get to Lamu <English> Island <English> you will start to see black people </English> as in <English> black </English> I mean <English> hijab many people...(both laugh) 
WARNING:root:language English already appeared on stack for word <English> in line 
 <English> Now </English>  maybe <English> like you go to Lamu now the first thing to see is </English>  boat <English> because you will get there you cannot get to Lamu </English> Island <English> when you have not board a </English> boat so <English> you will board a </English> boat so <English> you will board a </English>  boat <English> so that you can get to lamu </English> Island and the <English> when you get to Lamu <English> Island <English> you will start to see black people </English> as in <English> black </English> I mean <English> hijab many people...(both laugh) 
WARNING:root:language English already appeared on stack for word <English> in line 
 <English> Now </English>  maybe <English> like you go to Lamu now the first thing to see is </English>  boat <English> because you will get there you cannot get to Lamu </English> Island <English> when you have not board a </English> boat so <English> you will board a </English> boat so <English> you will board a </English>  boat <English> so that you can get to lamu </English> Island and the <English> when you get to Lamu <English> Island <English> you will start to see black people </English> as in <English> black </English> I mean <English> hijab many people...(both laugh) 
WARNING:root:language English already appeared on stack for word <English> in line 
 <English> Now </English>  maybe <English> like you go to Lamu now the first thing to see is </English>  boat <English> because you will get there you cannot get to Lamu </English> Island <English> when you have not board a </English> boat so <English> you will board a </English> boat so <English> you will board a </English>  boat <English> so that you can get to lamu </English> Island and the <English> when you get to Lamu <English> Island <English> you will start to see black people </English> as in <English> black </English> I mean <English> hijab many people...(both laugh) 
WARNING:root:language English already appeared on stack for word <English> in line 
 <English> For donkey eeeh <English> it's just <English> they usually celebrate </English> culture <English> of Lamu mostly Lamu doesn’t have </English> means of transport <English> is donkey. 
WARNING:root:language English already appeared on stack for word <English> in line 
 <English> For donkey eeeh <English> it's just <English> they usually celebrate </English> culture <English> of Lamu mostly Lamu doesn’t have </English> means of transport <English> is donkey. 
WARNING:root:language English already appeared on stack for word <English> in line 
 <English> For donkey eeeh <English> it's just <English> they usually celebrate </English> culture <English> of Lamu mostly Lamu doesn’t have </English> means of transport <English> is donkey. 
WARNING:root:language English already appeared on stack for word <English> in line 
 <English> For donkey eeeh <English> it's just <English> they usually celebrate </English> culture <English> of Lamu mostly Lamu doesn’t have </English> means of transport <English> is donkey. 
